<?xml version="1.0" encoding="UTF-8"?>
<testng-results ignored="0" total="1" passed="1" failed="0" skipped="0">
  <reporter-output>
  </reporter-output>
  <suite started-at="2024-07-11T17:49:00 IST" name="Default suite" finished-at="2024-07-11T17:50:02 IST" duration-ms="61417">
    <groups>
    </groups>
    <test started-at="2024-07-11T17:49:00 IST" name="Default test" finished-at="2024-07-11T17:50:02 IST" duration-ms="61417">
      <class name="com.crm.qa.testcases.MatchPageAdminTest">
        <test-method is-config="true" signature="setUp()[pri:0, instance:com.crm.qa.testcases.MatchPageAdminTest@273e7444]" started-at="2024-07-11T17:49:00 IST" name="setUp" finished-at="2024-07-11T17:49:53 IST" duration-ms="53158" status="PASS">
          <reporter-output>
          </reporter-output>
        </test-method> <!-- setUp -->
        <test-method signature="match()[pri:0, instance:com.crm.qa.testcases.MatchPageAdminTest@273e7444]" started-at="2024-07-11T17:49:53 IST" name="match" finished-at="2024-07-11T17:50:02 IST" duration-ms="8115" status="PASS">
          <reporter-output>
          </reporter-output>
        </test-method> <!-- match -->
        <test-method is-config="true" signature="tearDown()[pri:0, instance:com.crm.qa.testcases.MatchPageAdminTest@273e7444]" started-at="2024-07-11T17:50:02 IST" name="tearDown" finished-at="2024-07-11T17:50:02 IST" duration-ms="123" status="PASS">
          <reporter-output>
          </reporter-output>
        </test-method> <!-- tearDown -->
      </class> <!-- com.crm.qa.testcases.MatchPageAdminTest -->
    </test> <!-- Default test -->
  </suite> <!-- Default suite -->
</testng-results>
