<?xml version="1.0" encoding="UTF-8"?>
<testng-results ignored="0" total="1" passed="1" failed="0" skipped="0">
  <reporter-output>
  </reporter-output>
  <suite started-at="2024-07-11T15:59:02 IST" name="Default suite" finished-at="2024-07-11T16:00:46 IST" duration-ms="104277">
    <groups>
    </groups>
    <test started-at="2024-07-11T15:59:02 IST" name="Default test" finished-at="2024-07-11T16:00:46 IST" duration-ms="104277">
      <class name="com.crm.qa.testcases.BusinessesPageFreeTest">
        <test-method is-config="true" signature="setUp()[pri:0, instance:com.crm.qa.testcases.BusinessesPageFreeTest@273e7444]" started-at="2024-07-11T15:59:02 IST" name="setUp" finished-at="2024-07-11T15:59:45 IST" duration-ms="42729" status="PASS">
          <reporter-output>
          </reporter-output>
        </test-method> <!-- setUp -->
        <test-method signature="businessesPageFree()[pri:0, instance:com.crm.qa.testcases.BusinessesPageFreeTest@273e7444]" started-at="2024-07-11T15:59:45 IST" name="businessesPageFree" finished-at="2024-07-11T16:00:46 IST" duration-ms="61260" status="PASS">
          <reporter-output>
          </reporter-output>
        </test-method> <!-- businessesPageFree -->
        <test-method is-config="true" signature="tearDown()[pri:0, instance:com.crm.qa.testcases.BusinessesPageFreeTest@273e7444]" started-at="2024-07-11T16:00:46 IST" name="tearDown" finished-at="2024-07-11T16:00:46 IST" duration-ms="255" status="PASS">
          <reporter-output>
          </reporter-output>
        </test-method> <!-- tearDown -->
      </class> <!-- com.crm.qa.testcases.BusinessesPageFreeTest -->
    </test> <!-- Default test -->
  </suite> <!-- Default suite -->
</testng-results>
